<testsuites id="" name="" tests="15" failures="0" skipped="0" errors="0" time="141.722324">
<testsuite name="Global_page\1_Verify_global_configuration_page.spec.ts" timestamp="2025-09-12T05:48:32.111Z" hostname="chromium" tests="1" failures="0" skipped="0" time="9.313" errors="0">
<testcase name="Verify Global Configuration Page  › should be able to successfully view Global config page" classname="Global_page\1_Verify_global_configuration_page.spec.ts" time="9.313">
</testcase>
</testsuite>
<testsuite name="Global_page\10_Verify_create_site_name.spec.ts" timestamp="2025-09-12T05:48:32.111Z" hostname="chromium" tests="1" failures="0" skipped="0" time="9.436" errors="0">
<testcase name="Verify create site name  › Should successfully create and display the site name " classname="Global_page\10_Verify_create_site_name.spec.ts" time="9.436">
</testcase>
</testsuite>
<testsuite name="Global_page\11_Verify_Vlan_Start_field.spec.ts" timestamp="2025-09-12T05:48:32.111Z" hostname="chromium" tests="1" failures="0" skipped="0" time="9.779" errors="0">
<testcase name="Verify Vlan Start field  › Should successfully display by default the 11100 in the field" classname="Global_page\11_Verify_Vlan_Start_field.spec.ts" time="9.779">
</testcase>
</testsuite>
<testsuite name="Global_page\12_Verify_ON_maintenance_mode.spec.ts" timestamp="2025-09-12T05:48:32.111Z" hostname="chromium" tests="1" failures="0" skipped="0" time="9.369" errors="0">
<testcase name="Verify ON maintenance mode   › should be able to successfully ON and display Maintence mode word in multiportal " classname="Global_page\12_Verify_ON_maintenance_mode.spec.ts" time="9.369">
</testcase>
</testsuite>
<testsuite name="Global_page\13_Verify_OFF_maintenance_mode.spec.ts" timestamp="2025-09-12T05:48:32.111Z" hostname="chromium" tests="1" failures="0" skipped="0" time="9.455" errors="0">
<testcase name="Verify OFF maintenance mode   › should be able to successfully Off and disabled maintenance mode " classname="Global_page\13_Verify_OFF_maintenance_mode.spec.ts" time="9.455">
</testcase>
</testsuite>
<testsuite name="Global_page\14_Verify_update_support_email.spec.ts" timestamp="2025-09-12T05:48:32.111Z" hostname="chromium" tests="1" failures="0" skipped="0" time="9.242" errors="0">
<testcase name="Verify update support email  › Should be able to successfully update support email" classname="Global_page\14_Verify_update_support_email.spec.ts" time="9.242">
</testcase>
</testsuite>
<testsuite name="Global_page\2_Verify_select_logo.spec.ts" timestamp="2025-09-12T05:48:32.111Z" hostname="chromium" tests="1" failures="0" skipped="0" time="9.027" errors="0">
<testcase name="Verify select logo  › Should successfully select and display logo " classname="Global_page\2_Verify_select_logo.spec.ts" time="9.027">
</testcase>
</testsuite>
<testsuite name="Global_page\3_Verify_logo_upload_moreThan_5mbSize.spec.ts" timestamp="2025-09-12T05:48:32.111Z" hostname="chromium" tests="1" failures="0" skipped="0" time="9.231" errors="0">
<testcase name="Verify logo upload more than 5mb size  › Should not be able to successfully upload image and display prompt message " classname="Global_page\3_Verify_logo_upload_moreThan_5mbSize.spec.ts" time="9.231">
</testcase>
</testsuite>
<testsuite name="Global_page\4_Verify_upload_non-img_file.spec.ts" timestamp="2025-09-12T05:48:32.111Z" hostname="chromium" tests="1" failures="0" skipped="0" time="9.45" errors="0">
<testcase name="Verify Upload non-img file  › Should display prompt message successfully " classname="Global_page\4_Verify_upload_non-img_file.spec.ts" time="9.45">
</testcase>
</testsuite>
<testsuite name="Global_page\5_Verify_small_logo.spec.ts" timestamp="2025-09-12T05:48:32.111Z" hostname="chromium" tests="1" failures="0" skipped="0" time="9.147" errors="0">
<testcase name="Verify select small logo  › should be able to successfully select and display small logo " classname="Global_page\5_Verify_small_logo.spec.ts" time="9.147">
</testcase>
</testsuite>
<testsuite name="Global_page\6_Verify_logo_upload_morThan_5mbSize_small.spec.ts" timestamp="2025-09-12T05:48:32.111Z" hostname="chromium" tests="1" failures="0" skipped="0" time="9.256" errors="0">
<testcase name="Verify logo upload more than 5mb size (small)  › Should not be able to successfully upload image and display prompt message" classname="Global_page\6_Verify_logo_upload_morThan_5mbSize_small.spec.ts" time="9.256">
</testcase>
</testsuite>
<testsuite name="Global_page\7_Verify_upload_non-img_file_small.spec.ts" timestamp="2025-09-12T05:48:32.111Z" hostname="chromium" tests="1" failures="0" skipped="0" time="9.521" errors="0">
<testcase name="Verify upload non-img file   › Should display prompt message successfully  " classname="Global_page\7_Verify_upload_non-img_file_small.spec.ts" time="9.521">
</testcase>
</testsuite>
<testsuite name="Global_page\8_Verify_OFF_debug_mode.spec.ts" timestamp="2025-09-12T05:48:32.111Z" hostname="chromium" tests="1" failures="0" skipped="0" time="9.287" errors="0">
<testcase name="Verify OFF Debug mode › should be able to successfully turn OFF Debug mode" classname="Global_page\8_Verify_OFF_debug_mode.spec.ts" time="9.287">
</testcase>
</testsuite>
<testsuite name="Global_page\9_Verify_On_debug_mode.spec.ts" timestamp="2025-09-12T05:48:32.111Z" hostname="chromium" tests="1" failures="0" skipped="0" time="9.16" errors="0">
<testcase name="Verify On Debug mode   › should be able to successfully On debug mode " classname="Global_page\9_Verify_On_debug_mode.spec.ts" time="9.16">
</testcase>
</testsuite>
<testsuite name="Global_page\TS_001_Verify_internalNetwork_page.spec.ts" timestamp="2025-09-12T05:48:32.111Z" hostname="chromium" tests="1" failures="0" skipped="0" time="8.888" errors="0">
<testcase name="Internal Networks Page › should login and display Internal Networks page" classname="Global_page\TS_001_Verify_internalNetwork_page.spec.ts" time="8.888">
</testcase>
</testsuite>
</testsuites>