<testsuites id="" name="" tests="4" failures="4" skipped="0" errors="0" time="104.358204">
<testsuite name="Network\TS_001_Verify_internalNetwork_page.spec.ts" timestamp="2025-09-12T07:29:59.314Z" hostname="chromium" tests="1" failures="1" skipped="0" time="24.356" errors="0">
<testcase name="Internal Networks Page › should login and display Internal Networks page" classname="Network\TS_001_Verify_internalNetwork_page.spec.ts" time="24.356">
<failure message="TS_001_Verify_internalNetwork_page.spec.ts:7:7 should login and display Internal Networks page" type="FAILURE">
<![CDATA[  [chromium] › Network\TS_001_Verify_internalNetwork_page.spec.ts:7:7 › Internal Networks Page › should login and display Internal Networks page 

    Error: page.goto: net::ERR_CONNECTION_TIMED_OUT at https://dev.multiportal.io/login
    Call log:
      - navigating to "https://dev.multiportal.io/login", waiting until "load"


       8 |     const user = getUserByRole('Service Provider');
       9 |
    > 10 |     await page.goto(env.baseURL + '/login');
         |                ^
      11 |     await page.fill(loginSelectors.username, user.username);
      12 |     await page.fill(loginSelectors.password, user.password);
      13 |      await page.click(loginSelectors.submit);
        at C:\Users\marben.dimson\Desktop\Auto\HN\MP\tests\Network\TS_001_Verify_internalNetwork_page.spec.ts:10:16

    attachment #1: screenshot (image/png) ──────────────────────────────────────────────────────────
    ..\test-results\Network-TS_001_Verify_inte-2181a-play-Internal-Networks-page-chromium\test-failed-1.png
    ────────────────────────────────────────────────────────────────────────────────────────────────

    attachment #2: video (video/webm) ──────────────────────────────────────────────────────────────
    ..\test-results\Network-TS_001_Verify_inte-2181a-play-Internal-Networks-page-chromium\video.webm
    ────────────────────────────────────────────────────────────────────────────────────────────────

    Error Context: ..\test-results\Network-TS_001_Verify_inte-2181a-play-Internal-Networks-page-chromium\error-context.md
]]>
</failure>
<system-out>
<![CDATA[
[[ATTACHMENT|..\test-results\Network-TS_001_Verify_inte-2181a-play-Internal-Networks-page-chromium\test-failed-1.png]]

[[ATTACHMENT|..\test-results\Network-TS_001_Verify_inte-2181a-play-Internal-Networks-page-chromium\video.webm]]

[[ATTACHMENT|..\test-results\Network-TS_001_Verify_inte-2181a-play-Internal-Networks-page-chromium\error-context.md]]
]]>
</system-out>
</testcase>
</testsuite>
<testsuite name="Network\TS_002_Verify_create_internal.spec.ts" timestamp="2025-09-12T07:29:59.314Z" hostname="chromium" tests="1" failures="1" skipped="0" time="24.338" errors="0">
<testcase name="Internal Networks Page › should login and display Internal Networks page" classname="Network\TS_002_Verify_create_internal.spec.ts" time="24.338">
<failure message="TS_002_Verify_create_internal.spec.ts:8:7 should login and display Internal Networks page" type="FAILURE">
<![CDATA[  [chromium] › Network\TS_002_Verify_create_internal.spec.ts:8:7 › Internal Networks Page › should login and display Internal Networks page 

    Error: page.goto: net::ERR_CONNECTION_TIMED_OUT at https://dev.multiportal.io/login
    Call log:
      - navigating to "https://dev.multiportal.io/login", waiting until "load"


       9 |     const user = getUserByRole('Service Provider');
      10 |
    > 11 |     await page.goto(env.baseURL + '/login');
         |                ^
      12 |     await page.fill(loginSelectors.username, user.username);
      13 |     await page.fill(loginSelectors.password, user.password);
      14 |     await page.click(loginSelectors.submit);
        at C:\Users\marben.dimson\Desktop\Auto\HN\MP\tests\Network\TS_002_Verify_create_internal.spec.ts:11:16

    attachment #1: screenshot (image/png) ──────────────────────────────────────────────────────────
    ..\test-results\Network-TS_002_Verify_crea-130f3-play-Internal-Networks-page-chromium\test-failed-1.png
    ────────────────────────────────────────────────────────────────────────────────────────────────

    attachment #2: video (video/webm) ──────────────────────────────────────────────────────────────
    ..\test-results\Network-TS_002_Verify_crea-130f3-play-Internal-Networks-page-chromium\video.webm
    ────────────────────────────────────────────────────────────────────────────────────────────────

    Error Context: ..\test-results\Network-TS_002_Verify_crea-130f3-play-Internal-Networks-page-chromium\error-context.md
]]>
</failure>
<system-out>
<![CDATA[
[[ATTACHMENT|..\test-results\Network-TS_002_Verify_crea-130f3-play-Internal-Networks-page-chromium\test-failed-1.png]]

[[ATTACHMENT|..\test-results\Network-TS_002_Verify_crea-130f3-play-Internal-Networks-page-chromium\video.webm]]

[[ATTACHMENT|..\test-results\Network-TS_002_Verify_crea-130f3-play-Internal-Networks-page-chromium\error-context.md]]
]]>
</system-out>
</testcase>
</testsuite>
<testsuite name="Network\TS_003_Verify_EditInternalNetwork.spec.ts" timestamp="2025-09-12T07:29:59.314Z" hostname="chromium" tests="1" failures="1" skipped="0" time="24.443" errors="0">
<testcase name="Internal Networks Page › should login and display Internal Networks page, then edit a network" classname="Network\TS_003_Verify_EditInternalNetwork.spec.ts" time="24.443">
<failure message="TS_003_Verify_EditInternalNetwork.spec.ts:8:7 should login and display Internal Networks page, then edit a network" type="FAILURE">
<![CDATA[  [chromium] › Network\TS_003_Verify_EditInternalNetwork.spec.ts:8:7 › Internal Networks Page › should login and display Internal Networks page, then edit a network 

    Error: page.goto: net::ERR_CONNECTION_TIMED_OUT at https://dev.multiportal.io/login
    Call log:
      - navigating to "https://dev.multiportal.io/login", waiting until "load"


      10 |
      11 |     // Login
    > 12 |     await page.goto(`${env.baseURL}/login`);
         |                ^
      13 |     await page.fill(loginSelectors.username, user.username);
      14 |     await page.fill(loginSelectors.password, user.password);
      15 |     await page.click(loginSelectors.submit);
        at C:\Users\marben.dimson\Desktop\Auto\HN\MP\tests\Network\TS_003_Verify_EditInternalNetwork.spec.ts:12:16

    attachment #1: screenshot (image/png) ──────────────────────────────────────────────────────────
    ..\test-results\Network-TS_003_Verify_Edit-727a8-ks-page-then-edit-a-network-chromium\test-failed-1.png
    ────────────────────────────────────────────────────────────────────────────────────────────────

    attachment #2: video (video/webm) ──────────────────────────────────────────────────────────────
    ..\test-results\Network-TS_003_Verify_Edit-727a8-ks-page-then-edit-a-network-chromium\video.webm
    ────────────────────────────────────────────────────────────────────────────────────────────────

    Error Context: ..\test-results\Network-TS_003_Verify_Edit-727a8-ks-page-then-edit-a-network-chromium\error-context.md
]]>
</failure>
<system-out>
<![CDATA[
[[ATTACHMENT|..\test-results\Network-TS_003_Verify_Edit-727a8-ks-page-then-edit-a-network-chromium\test-failed-1.png]]

[[ATTACHMENT|..\test-results\Network-TS_003_Verify_Edit-727a8-ks-page-then-edit-a-network-chromium\video.webm]]

[[ATTACHMENT|..\test-results\Network-TS_003_Verify_Edit-727a8-ks-page-then-edit-a-network-chromium\error-context.md]]
]]>
</system-out>
</testcase>
</testsuite>
<testsuite name="Network\TS_004_Verify_deleteInternalNetwork.spec.ts" timestamp="2025-09-12T07:29:59.314Z" hostname="chromium" tests="1" failures="1" skipped="0" time="24.439" errors="0">
<testcase name="Internal Networks Page › should login and display Internal Networks page" classname="Network\TS_004_Verify_deleteInternalNetwork.spec.ts" time="24.439">
<failure message="TS_004_Verify_deleteInternalNetwork.spec.ts:8:7 should login and display Internal Networks page" type="FAILURE">
<![CDATA[  [chromium] › Network\TS_004_Verify_deleteInternalNetwork.spec.ts:8:7 › Internal Networks Page › should login and display Internal Networks page 

    Error: page.goto: net::ERR_CONNECTION_TIMED_OUT at https://dev.multiportal.io/login
    Call log:
      - navigating to "https://dev.multiportal.io/login", waiting until "load"


       9 |     const user = getUserByRole('Service Provider');
      10 |
    > 11 |     await page.goto(env.baseURL + '/login');
         |                ^
      12 |     await page.fill(loginSelectors.username, user.username);
      13 |     await page.fill(loginSelectors.password, user.password);
      14 |     await page.click(loginSelectors.submit);
        at C:\Users\marben.dimson\Desktop\Auto\HN\MP\tests\Network\TS_004_Verify_deleteInternalNetwork.spec.ts:11:16

    attachment #1: screenshot (image/png) ──────────────────────────────────────────────────────────
    ..\test-results\Network-TS_004_Verify_dele-97fa7-play-Internal-Networks-page-chromium\test-failed-1.png
    ────────────────────────────────────────────────────────────────────────────────────────────────

    attachment #2: video (video/webm) ──────────────────────────────────────────────────────────────
    ..\test-results\Network-TS_004_Verify_dele-97fa7-play-Internal-Networks-page-chromium\video.webm
    ────────────────────────────────────────────────────────────────────────────────────────────────

    Error Context: ..\test-results\Network-TS_004_Verify_dele-97fa7-play-Internal-Networks-page-chromium\error-context.md
]]>
</failure>
<system-out>
<![CDATA[
[[ATTACHMENT|..\test-results\Network-TS_004_Verify_dele-97fa7-play-Internal-Networks-page-chromium\test-failed-1.png]]

[[ATTACHMENT|..\test-results\Network-TS_004_Verify_dele-97fa7-play-Internal-Networks-page-chromium\video.webm]]

[[ATTACHMENT|..\test-results\Network-TS_004_Verify_dele-97fa7-play-Internal-Networks-page-chromium\error-context.md]]
]]>
</system-out>
</testcase>
</testsuite>
</testsuites>