<testsuites id="" name="" tests="11" failures="2" skipped="0" errors="0" time="85.25974099999999">
<testsuite name="Catalogue\TC_001_Verify_Virtual_Machine_Templatepage.spec.ts" timestamp="2025-09-15T02:31:36.143Z" hostname="chromium" tests="1" failures="1" skipped="0" time="17.105" errors="0">
<testcase name="Verify Virtual Machine Template page › should be able to successfully display Template page from Catalogue dropdown  @dev @staging @preprod" classname="Catalogue\TC_001_Verify_Virtual_Machine_Templatepage.spec.ts" time="17.105">
<failure message="TC_001_Verify_Virtual_Machine_Templatepage.spec.ts:7:7 should be able to successfully display Template page from Catalogue dropdown  @dev @staging @preprod" type="FAILURE">
<![CDATA[  [chromium] › Catalogue\TC_001_Verify_Virtual_Machine_Templatepage.spec.ts:7:7 › Verify Virtual Machine Template page › should be able to successfully display Template page from Catalogue dropdown  @dev @staging @preprod 

    Error: expect(locator).toHaveText(expected) failed

    Locator: locator('div.alert-success')
    Expected pattern: /VM Template imported successfully/
    Received: <element(s) not found>
    Timeout: 5000ms

    Call log:
      - Expect "toHaveText" with timeout 5000ms
      - waiting for locator('div.alert-success')


       at ..\Import.ts:131

      129 |   async importTemplate() {
      130 |     await this.page.getByRole('button', { name: 'Import VM Templates' }).click();
    > 131 |     await expect(this.page.locator('div.alert-success')).toHaveText(
          |                                                          ^
      132 |       /VM Template imported successfully/
      133 |     );
      134 |   }
        at VmTemplateImportPage.importTemplate (C:\Users\marben.dimson\Desktop\Auto\HN\MP\Import.ts:131:58)
        at C:\Users\marben.dimson\Desktop\Auto\HN\MP\tests\Catalogue\TC_001_Verify_Virtual_Machine_Templatepage.spec.ts:29:5

    attachment #1: screenshot (image/png) ──────────────────────────────────────────────────────────
    ..\test-results\Catalogue-TC_001_Verify_Vi-3dcd6-ropdown-dev-staging-preprod-chromium\test-failed-1.png
    ────────────────────────────────────────────────────────────────────────────────────────────────

    attachment #2: video (video/webm) ──────────────────────────────────────────────────────────────
    ..\test-results\Catalogue-TC_001_Verify_Vi-3dcd6-ropdown-dev-staging-preprod-chromium\video.webm
    ────────────────────────────────────────────────────────────────────────────────────────────────

    Error Context: ..\test-results\Catalogue-TC_001_Verify_Vi-3dcd6-ropdown-dev-staging-preprod-chromium\error-context.md
]]>
</failure>
<system-out>
<![CDATA[
[[ATTACHMENT|..\test-results\Catalogue-TC_001_Verify_Vi-3dcd6-ropdown-dev-staging-preprod-chromium\test-failed-1.png]]

[[ATTACHMENT|..\test-results\Catalogue-TC_001_Verify_Vi-3dcd6-ropdown-dev-staging-preprod-chromium\video.webm]]

[[ATTACHMENT|..\test-results\Catalogue-TC_001_Verify_Vi-3dcd6-ropdown-dev-staging-preprod-chromium\error-context.md]]
]]>
</system-out>
</testcase>
</testsuite>
<testsuite name="Catalogue\TC_002_Verify_delete_VMTemplate.spec.ts" timestamp="2025-09-15T02:31:36.143Z" hostname="chromium" tests="1" failures="1" skipped="0" time="10.2" errors="0">
<testcase name="Verify Virtual Machine Template page › should be able to successfully display Template page from Catalogue dropdown  @dev @staging @preprod" classname="Catalogue\TC_002_Verify_delete_VMTemplate.spec.ts" time="10.2">
<failure message="TC_002_Verify_delete_VMTemplate.spec.ts:7:7 should be able to successfully display Template page from Catalogue dropdown  @dev @staging @preprod" type="FAILURE">
<![CDATA[  [chromium] › Catalogue\TC_002_Verify_delete_VMTemplate.spec.ts:7:7 › Verify Virtual Machine Template page › should be able to successfully display Template page from Catalogue dropdown  @dev @staging @preprod 

    Error: No template matching "AutoVM-001" found.

      31 | if (!templateName) {
      32 |   console.log('All templates found:', allTemplates);
    > 33 |   throw new Error('No template matching "AutoVM-001" found.');
         |         ^
      34 | }
      35 |
      36 | // Proceed with delete
        at C:\Users\marben.dimson\Desktop\Auto\HN\MP\tests\Catalogue\TC_002_Verify_delete_VMTemplate.spec.ts:33:9

    attachment #1: screenshot (image/png) ──────────────────────────────────────────────────────────
    ..\test-results\Catalogue-TC_002_Verify_de-69be1-ropdown-dev-staging-preprod-chromium\test-failed-1.png
    ────────────────────────────────────────────────────────────────────────────────────────────────

    attachment #2: video (video/webm) ──────────────────────────────────────────────────────────────
    ..\test-results\Catalogue-TC_002_Verify_de-69be1-ropdown-dev-staging-preprod-chromium\video.webm
    ────────────────────────────────────────────────────────────────────────────────────────────────

    Error Context: ..\test-results\Catalogue-TC_002_Verify_de-69be1-ropdown-dev-staging-preprod-chromium\error-context.md
]]>
</failure>
<system-out>
<![CDATA[All templates found: [
  [32m'testttt-979d472a'[39m,
  [32m'tes-a597e505-a597e505-a597e505-a597e505'[39m,
  [32m'testt-VM-0c74b7f7'[39m,
  [32m'VMtest-66f041e1-c52f1bd6-c52f1bd6'[39m,
  [32m'MyNewVMName'[39m
]

[[ATTACHMENT|..\test-results\Catalogue-TC_002_Verify_de-69be1-ropdown-dev-staging-preprod-chromium\test-failed-1.png]]

[[ATTACHMENT|..\test-results\Catalogue-TC_002_Verify_de-69be1-ropdown-dev-staging-preprod-chromium\video.webm]]

[[ATTACHMENT|..\test-results\Catalogue-TC_002_Verify_de-69be1-ropdown-dev-staging-preprod-chromium\error-context.md]]
]]>
</system-out>
</testcase>
</testsuite>
<testsuite name="Catalogue\TC_003_Verify_Import_Virtual_Machine_public.spec.ts" timestamp="2025-09-15T02:31:36.143Z" hostname="chromium" tests="1" failures="0" skipped="0" time="13.181" errors="0">
<testcase name="Verify Virtual Machine Template page › should be able to successfully display Template page from Catalogue dropdown  @dev @staging @preprod" classname="Catalogue\TC_003_Verify_Import_Virtual_Machine_public.spec.ts" time="13.181">
</testcase>
</testsuite>
<testsuite name="Catalogue\TC_004_Verify_ISOpage.spec.ts" timestamp="2025-09-15T02:31:36.143Z" hostname="chromium" tests="1" failures="0" skipped="0" time="10.079" errors="0">
<testcase name="Verify view virtual machine template page › Should successfully display virtual machine Template page without UI or typo issues @dev @staging @preprod" classname="Catalogue\TC_004_Verify_ISOpage.spec.ts" time="10.079">
</testcase>
</testsuite>
<testsuite name="Catalogue\TC_005_Verify_upload_ISO_storage_as_public.spec.ts" timestamp="2025-09-15T02:31:36.143Z" hostname="chromium" tests="1" failures="0" skipped="0" time="14.869" errors="0">
<testcase name="Virtual Machine Template Page — ISO Upload Flow › Should upload ISO via local file successfully @dev @staging @preprod" classname="Catalogue\TC_005_Verify_upload_ISO_storage_as_public.spec.ts" time="14.869">
</testcase>
</testsuite>
<testsuite name="Catalogue\TC_006_Verify_uploading_of_ISO_storage_from_specificVirtualDataCenter.spec.ts" timestamp="2025-09-15T02:31:36.143Z" hostname="chromium" tests="1" failures="0" skipped="0" time="16.364" errors="0">
<testcase name="Virtual Machine Template Page — ISO Upload Flow › Should upload ISO via local file successfully @dev @staging @preprod" classname="Catalogue\TC_006_Verify_uploading_of_ISO_storage_from_specificVirtualDataCenter.spec.ts" time="16.364">
</testcase>
</testsuite>
<testsuite name="Catalogue\TC_007_Verify_download_ISO_storage_from_URL.spec.ts" timestamp="2025-09-15T02:31:36.143Z" hostname="chromium" tests="1" failures="0" skipped="0" time="18.49" errors="0">
<testcase name="Virtual Machine Template Page — ISO Upload Flow › Should display the ISO Upload form and allow uploading via Public URL @dev @staging @preprod" classname="Catalogue\TC_007_Verify_download_ISO_storage_from_URL.spec.ts" time="18.49">
</testcase>
</testsuite>
<testsuite name="Catalogue\TC_008_Verify_download_ISO_storage_for_specific_virtualdatacenter.spec.ts" timestamp="2025-09-15T02:31:36.143Z" hostname="chromium" tests="1" failures="0" skipped="0" time="17.932" errors="0">
<testcase name="Virtual Machine Template Page — ISO Upload Flow › Should display the ISO Upload form and allow uploading via URL @dev @staging @preprod" classname="Catalogue\TC_008_Verify_download_ISO_storage_for_specific_virtualdatacenter.spec.ts" time="17.932">
</testcase>
</testsuite>
<testsuite name="Catalogue\TC_009_Verify_view_virtualMachine_Template.spec.ts" timestamp="2025-09-15T02:31:36.143Z" hostname="chromium" tests="1" failures="0" skipped="0" time="11.349" errors="0">
<testcase name="Verify view virtual machine template page › Should successfully display virtual machine Template page without any UI and Typo issues  @dev @staging @preprod" classname="Catalogue\TC_009_Verify_view_virtualMachine_Template.spec.ts" time="11.349">
<system-err>
<![CDATA[No VM Template card found. Skipping validation.
]]>
</system-err>
</testcase>
</testsuite>
<testsuite name="Catalogue\TC_010_Verify_delete_ISO_from_Proxmox.spec.ts" timestamp="2025-09-15T02:31:36.143Z" hostname="chromium" tests="1" failures="0" skipped="0" time="13.28" errors="0">
<testcase name="Virtual Machine Template Page — ISO Storage Management › Should delete a public ISO from storage @dev @staging @preprod" classname="Catalogue\TC_010_Verify_delete_ISO_from_Proxmox.spec.ts" time="13.28">
</testcase>
</testsuite>
<testsuite name="Catalogue\TC_011_Verify_deleteISO_without_deleting_proxmoxData.spec.ts" timestamp="2025-09-15T02:31:36.143Z" hostname="chromium" tests="1" failures="0" skipped="0" time="12.827" errors="0">
<testcase name="Virtual Machine Template Page — ISO Storage Management › Should delete a public ISO from storage @dev @staging @preprod" classname="Catalogue\TC_011_Verify_deleteISO_without_deleting_proxmoxData.spec.ts" time="12.827">
</testcase>
</testsuite>
</testsuites>