<testsuites id="" name="" tests="14" failures="0" skipped="0" errors="0" time="152.85398999999998">
<testsuite name="Global-Config\1_Verify_global_configuration_page.spec.ts" timestamp="2025-09-01T06:56:44.898Z" hostname="chromium" tests="1" failures="0" skipped="0" time="9.459" errors="0">
<testcase name="Verify Global Configuration Page  › should be able to successfully view Global config page" classname="Global-Config\1_Verify_global_configuration_page.spec.ts" time="9.459">
<system-out>
<![CDATA[
[[ATTACHMENT|..\test-results\Global-Config-1_Verify_glo-6b9a1-lly-view-Global-config-page-chromium\trace.zip]]
]]>
</system-out>
</testcase>
</testsuite>
<testsuite name="Global-Config\10_Verify_create_site_name.spec.ts" timestamp="2025-09-01T06:56:44.898Z" hostname="chromium" tests="1" failures="0" skipped="0" time="10.837" errors="0">
<testcase name="Verify Global Configuration Page  › should be able to successfully view Global config page" classname="Global-Config\10_Verify_create_site_name.spec.ts" time="10.837">
<system-out>
<![CDATA[
[[ATTACHMENT|..\test-results\Global-Config-10_Verify_cr-f6fa1-lly-view-Global-config-page-chromium\trace.zip]]
]]>
</system-out>
</testcase>
</testsuite>
<testsuite name="Global-Config\11_Verify_Vlan_Start_field.spec.ts" timestamp="2025-09-01T06:56:44.898Z" hostname="chromium" tests="1" failures="0" skipped="0" time="10.761" errors="0">
<testcase name="Verify Global Configuration Page  › should be able to successfully view Global config page" classname="Global-Config\11_Verify_Vlan_Start_field.spec.ts" time="10.761">
<system-out>
<![CDATA[
[[ATTACHMENT|..\test-results\Global-Config-11_Verify_Vl-93d80-lly-view-Global-config-page-chromium\trace.zip]]
]]>
</system-out>
</testcase>
</testsuite>
<testsuite name="Global-Config\12_Verify_ON_maintenance_mode.spec.ts" timestamp="2025-09-01T06:56:44.898Z" hostname="chromium" tests="1" failures="0" skipped="0" time="10.1" errors="0">
<testcase name="Verify ON maintenance mode   › should be able to successfully ON and display Maintence mode word in multiportal " classname="Global-Config\12_Verify_ON_maintenance_mode.spec.ts" time="10.1">
<system-out>
<![CDATA[
[[ATTACHMENT|..\test-results\Global-Config-12_Verify_ON-59e31-e-mode-word-in-multiportal--chromium\trace.zip]]
]]>
</system-out>
</testcase>
</testsuite>
<testsuite name="Global-Config\13_Verify_OFF_maintenance_mode.spec.ts" timestamp="2025-09-01T06:56:44.898Z" hostname="chromium" tests="1" failures="0" skipped="0" time="10.481" errors="0">
<testcase name="Verify OFF maintenance mode   › should be able to successfully Off and disabled maintenance mode " classname="Global-Config\13_Verify_OFF_maintenance_mode.spec.ts" time="10.481">
<system-out>
<![CDATA[
[[ATTACHMENT|..\test-results\Global-Config-13_Verify_OF-019bd--disabled-maintenance-mode--chromium\trace.zip]]
]]>
</system-out>
</testcase>
</testsuite>
<testsuite name="Global-Config\14_Verify_update_support_email.spec.ts" timestamp="2025-09-01T06:56:44.898Z" hostname="chromium" tests="1" failures="0" skipped="0" time="10.891" errors="0">
<testcase name="Verify update support email  › Should be able to successfully update support email" classname="Global-Config\14_Verify_update_support_email.spec.ts" time="10.891">
<system-out>
<![CDATA[
[[ATTACHMENT|..\test-results\Global-Config-14_Verify_up-c7e0c-sfully-update-support-email-chromium\trace.zip]]
]]>
</system-out>
</testcase>
</testsuite>
<testsuite name="Global-Config\2_Verify_select_logo.spec.ts" timestamp="2025-09-01T06:56:44.898Z" hostname="chromium" tests="1" failures="0" skipped="0" time="9.96" errors="0">
<testcase name="Verify Global Configuration Page  › should be able to successfully view Global config page" classname="Global-Config\2_Verify_select_logo.spec.ts" time="9.96">
<system-out>
<![CDATA[
[[ATTACHMENT|..\test-results\Global-Config-2_Verify_sel-b4535-lly-view-Global-config-page-chromium\trace.zip]]
]]>
</system-out>
</testcase>
</testsuite>
<testsuite name="Global-Config\3_Verify_logo_upload_moreThan_5mbSize.spec.ts" timestamp="2025-09-01T06:56:44.898Z" hostname="chromium" tests="1" failures="0" skipped="0" time="10.862" errors="0">
<testcase name="Verify Global Configuration Page  › should be able to successfully view Global config page" classname="Global-Config\3_Verify_logo_upload_moreThan_5mbSize.spec.ts" time="10.862">
<system-out>
<![CDATA[
[[ATTACHMENT|..\test-results\Global-Config-3_Verify_log-093fa-lly-view-Global-config-page-chromium\trace.zip]]
]]>
</system-out>
</testcase>
</testsuite>
<testsuite name="Global-Config\4_Verify_upload_non-img_file.spec.ts" timestamp="2025-09-01T06:56:44.898Z" hostname="chromium" tests="1" failures="0" skipped="0" time="11.005" errors="0">
<testcase name="Verify Upload non-img file  › Should display prompt message successfully " classname="Global-Config\4_Verify_upload_non-img_file.spec.ts" time="11.005">
<system-out>
<![CDATA[
[[ATTACHMENT|..\test-results\Global-Config-4_Verify_upl-576a5-rompt-message-successfully--chromium\trace.zip]]
]]>
</system-out>
</testcase>
</testsuite>
<testsuite name="Global-Config\5_Verify_small_logo.spec.ts" timestamp="2025-09-01T06:56:44.898Z" hostname="chromium" tests="1" failures="0" skipped="0" time="9.745" errors="0">
<testcase name="Verify Global Configuration Page  › should be able to successfully view Global config page" classname="Global-Config\5_Verify_small_logo.spec.ts" time="9.745">
<system-out>
<![CDATA[
[[ATTACHMENT|..\test-results\Global-Config-5_Verify_sma-af172-lly-view-Global-config-page-chromium\trace.zip]]
]]>
</system-out>
</testcase>
</testsuite>
<testsuite name="Global-Config\6_Verify_logo_upload_morThan_5mbSize_small.spec.ts" timestamp="2025-09-01T06:56:44.898Z" hostname="chromium" tests="1" failures="0" skipped="0" time="10.458" errors="0">
<testcase name="Verify Global Configuration Page  › should be able to successfully view Global config page" classname="Global-Config\6_Verify_logo_upload_morThan_5mbSize_small.spec.ts" time="10.458">
<system-out>
<![CDATA[
[[ATTACHMENT|..\test-results\Global-Config-6_Verify_log-060ba-lly-view-Global-config-page-chromium\trace.zip]]
]]>
</system-out>
</testcase>
</testsuite>
<testsuite name="Global-Config\7_Verify_upload_non-img_file_small.spec.ts" timestamp="2025-09-01T06:56:44.898Z" hostname="chromium" tests="1" failures="0" skipped="0" time="10.684" errors="0">
<testcase name="Verify Global Configuration Page  › should be able to successfully view Global config page" classname="Global-Config\7_Verify_upload_non-img_file_small.spec.ts" time="10.684">
<system-out>
<![CDATA[
[[ATTACHMENT|..\test-results\Global-Config-7_Verify_upl-21540-lly-view-Global-config-page-chromium\trace.zip]]
]]>
</system-out>
</testcase>
</testsuite>
<testsuite name="Global-Config\8_Verify_OFF_debug_mode.spec.ts" timestamp="2025-09-01T06:56:44.898Z" hostname="chromium" tests="1" failures="0" skipped="0" time="10.093" errors="0">
<testcase name="Verify OFF Debug mode › should be able to successfully turn OFF Debug mode" classname="Global-Config\8_Verify_OFF_debug_mode.spec.ts" time="10.093">
<system-out>
<![CDATA[
[[ATTACHMENT|..\test-results\Global-Config-8_Verify_OFF-9dd69-ssfully-turn-OFF-Debug-mode-chromium\trace.zip]]
]]>
</system-out>
</testcase>
</testsuite>
<testsuite name="Global-Config\9_Verify_On_debug_mode.spec.ts" timestamp="2025-09-01T06:56:44.898Z" hostname="chromium" tests="1" failures="0" skipped="0" time="10.12" errors="0">
<testcase name="Verify On Debug mode   › should be able to successfully On debug mode " classname="Global-Config\9_Verify_On_debug_mode.spec.ts" time="10.12">
<system-out>
<![CDATA[
[[ATTACHMENT|..\test-results\Global-Config-9_Verify_On_-39b8b-successfully-On-debug-mode--chromium\trace.zip]]
]]>
</system-out>
</testcase>
</testsuite>
</testsuites>