<testsuites id="" name="" tests="1" failures="0" skipped="0" errors="0" time="11.710794">
<testsuite name="Catalogue\TC_004_Verify_ISOpage.spec.ts" timestamp="2025-09-04T01:02:30.473Z" hostname="chromium" tests="1" failures="0" skipped="0" time="9.844" errors="0">
<testcase name="Verify view virtual machine template page › Should successfully display virtual machine Template page without UI or typo issues @dev @staging @preprod" classname="Catalogue\TC_004_Verify_ISOpage.spec.ts" time="9.844">
</testcase>
</testsuite>
</testsuites>