<testsuites id="" name="" tests="1" failures="1" skipped="0" errors="0" time="33.745167">
<testsuite name="User_Roles\TS_010_VerifyCreateNewUser.spec.ts" timestamp="2025-09-10T23:57:22.341Z" hostname="chromium" tests="1" failures="1" skipped="0" time="31.706" errors="0">
<testcase name="Verify create new user   › Should successfully create new user  " classname="User_Roles\TS_010_VerifyCreateNewUser.spec.ts" time="31.706">
<failure message="TS_010_VerifyCreateNewUser.spec.ts:9:7 Should successfully create new user  " type="FAILURE">
<![CDATA[  [chromium] › User_Roles\TS_010_VerifyCreateNewUser.spec.ts:9:7 › Verify create new user   › Should successfully create new user   

    Test timeout of 30000ms exceeded.

    Error: locator.waitFor: Test timeout of 30000ms exceeded.
    Call log:
      - waiting for locator('.select2-results__options[role="listbox"]') to be visible


       at ..\CreateUser.ts:76

      74 |     // Open the role dropdown and wait for the options to be visible
      75 |     await this.roleDropdown.click();
    > 76 |     await this.page.locator('.select2-results__options[role="listbox"]').waitFor({ state: 'visible' });
         |                                                                          ^
      77 |     const roleOption = await this.page.locator(`.select2-results__option:has-text("${user.role}")`);
      78 |     await roleOption.click();  // Click the role option based on the role text
      79 |   }
        at UserPage.fillCreateUserForm (C:\Users\marben.dimson\Desktop\Auto\HN\MP\CreateUser.ts:76:74)
        at C:\Users\marben.dimson\Desktop\Auto\HN\MP\tests\User_Roles\TS_010_VerifyCreateNewUser.spec.ts:38:3

    attachment #1: screenshot (image/png) ──────────────────────────────────────────────────────────
    ..\test-results\User_Roles-TS_010_VerifyCr-ae9e7-ccessfully-create-new-user--chromium\test-failed-1.png
    ────────────────────────────────────────────────────────────────────────────────────────────────

    attachment #2: video (video/webm) ──────────────────────────────────────────────────────────────
    ..\test-results\User_Roles-TS_010_VerifyCr-ae9e7-ccessfully-create-new-user--chromium\video.webm
    ────────────────────────────────────────────────────────────────────────────────────────────────

    Error Context: ..\test-results\User_Roles-TS_010_VerifyCr-ae9e7-ccessfully-create-new-user--chromium\error-context.md
]]>
</failure>
<system-out>
<![CDATA[
[[ATTACHMENT|..\test-results\User_Roles-TS_010_VerifyCr-ae9e7-ccessfully-create-new-user--chromium\test-failed-1.png]]

[[ATTACHMENT|..\test-results\User_Roles-TS_010_VerifyCr-ae9e7-ccessfully-create-new-user--chromium\video.webm]]

[[ATTACHMENT|..\test-results\User_Roles-TS_010_VerifyCr-ae9e7-ccessfully-create-new-user--chromium\error-context.md]]
]]>
</system-out>
</testcase>
</testsuite>
</testsuites>