<testsuites id="" name="" tests="1" failures="0" skipped="0" errors="0" time="15.393039">
<testsuite name="Catalogue\TC_007_Verify_download_ISO_storage_from_URL.spec.ts" timestamp="2025-09-04T02:25:25.741Z" hostname="chromium" tests="1" failures="0" skipped="0" time="13.436" errors="0">
<testcase name="Virtual Machine Template Page — ISO Upload Flow › Should display the ISO Upload form and allow uploading via Public URL @dev @staging @preprod" classname="Catalogue\TC_007_Verify_download_ISO_storage_from_URL.spec.ts" time="13.436">
</testcase>
</testsuite>
</testsuites>