<testsuites id="" name="" tests="6" failures="1" skipped="0" errors="0" time="40.922549">
<testsuite name="User_Roles\TS_001_VerifyUserRolesPage.spec.ts" timestamp="2025-09-08T08:05:46.034Z" hostname="chromium" tests="1" failures="0" skipped="0" time="9.956" errors="0">
<testcase name="Verify User Role page   › should be able to successfully display User role page " classname="User_Roles\TS_001_VerifyUserRolesPage.spec.ts" time="9.956">
</testcase>
</testsuite>
<testsuite name="User_Roles\TS_002_Verify_Search_Available_Permissions.spec.ts" timestamp="2025-09-08T08:05:46.034Z" hostname="chromium" tests="1" failures="0" skipped="0" time="9.844" errors="0">
<testcase name="Verify User Role page   › Should successfully search available permissions for Service Provider Level  " classname="User_Roles\TS_002_Verify_Search_Available_Permissions.spec.ts" time="9.844">
</testcase>
</testsuite>
<testsuite name="User_Roles\TS_003_VerifyRoles_Section.spec.ts" timestamp="2025-09-08T08:05:46.034Z" hostname="chromium" tests="1" failures="0" skipped="0" time="10.138" errors="0">
<testcase name="Verify User Role page   › Should successfully display list of roles, search bar, Create Role, Edit, Delete button on roles section page  " classname="User_Roles\TS_003_VerifyRoles_Section.spec.ts" time="10.138">
</testcase>
</testsuite>
<testsuite name="User_Roles\TS_004_Verify_Search_roles_created.spec.ts" timestamp="2025-09-08T08:05:46.034Z" hostname="chromium" tests="1" failures="0" skipped="0" time="10.118" errors="0">
<testcase name="Verify User Role page   › Should successfully search roles by name  and display &quot;No results found&quot; if not available   " classname="User_Roles\TS_004_Verify_Search_roles_created.spec.ts" time="10.118">
</testcase>
</testsuite>
<testsuite name="User_Roles\TS_005_Verify_create_new_role.spec.ts" timestamp="2025-09-08T08:05:46.034Z" hostname="chromium" tests="1" failures="0" skipped="0" time="16.472" errors="0">
<testcase name="Verify User Role page › Should create a new role with all permissions and verify it exists" classname="User_Roles\TS_005_Verify_create_new_role.spec.ts" time="16.472">
</testcase>
</testsuite>
<testsuite name="User_Roles\TS_006_Verify_edit_role.spec.ts" timestamp="2025-09-08T08:05:46.034Z" hostname="chromium" tests="1" failures="1" skipped="0" time="18.938" errors="0">
<testcase name="Edit Role - Verify Permissions Retention and Update › Should verify retained permissions and update role description and permissions" classname="User_Roles\TS_006_Verify_edit_role.spec.ts" time="18.938">
<failure message="TS_006_Verify_edit_role.spec.ts:49:7 Should verify retained permissions and update role description and permissions" type="FAILURE">
<![CDATA[  [chromium] › User_Roles\TS_006_Verify_edit_role.spec.ts:49:7 › Edit Role - Verify Permissions Retention and Update › Should verify retained permissions and update role description and permissions 

    Error: expect(locator).toHaveCount(expected) failed

    Locator:  locator('tr:has-text("AutoRole")')
    Expected: 1
    Received: 0
    Timeout:  10000ms

    Call log:
      - Expect "toHaveCount" with timeout 10000ms
      - waiting for locator('tr:has-text("AutoRole")')
        14 × locator resolved to 0 elements
           - unexpected value "0"


       at ..\UserRole.ts:119

      117 |   // Wait for the row containing the role to appear
      118 |   const row = this.page.locator(`tr:has-text("${roleName}")`);
    > 119 |   await expect(row).toHaveCount(1, { timeout: 10000 }); // wait until it exists
          |                     ^
      120 |
      121 |   // Find the Edit link inside that row
      122 |   const editLink = row.locator('a:has-text("Edit")');
        at UserManagementPage.openEditRoleModal (C:\Users\marben.dimson\Desktop\Auto\HN\MP\UserRole.ts:119:21)
        at C:\Users\marben.dimson\Desktop\Auto\HN\MP\tests\User_Roles\TS_006_Verify_edit_role.spec.ts:53:38

    attachment #1: screenshot (image/png) ──────────────────────────────────────────────────────────
    ..\test-results\User_Roles-TS_006_Verify_e-68766-description-and-permissions-chromium\test-failed-1.png
    ────────────────────────────────────────────────────────────────────────────────────────────────

    Error Context: ..\test-results\User_Roles-TS_006_Verify_e-68766-description-and-permissions-chromium\error-context.md
]]>
</failure>
<system-out>
<![CDATA[
[[ATTACHMENT|..\test-results\User_Roles-TS_006_Verify_e-68766-description-and-permissions-chromium\test-failed-1.png]]

[[ATTACHMENT|..\test-results\User_Roles-TS_006_Verify_e-68766-description-and-permissions-chromium\error-context.md]]
]]>
</system-out>
</testcase>
</testsuite>
</testsuites>