<testsuites id="" name="" tests="11" failures="3" skipped="2" errors="0" time="126.927831">
<testsuite name="Catalogue\TC_001_Verify_Virtual_Machine_Templatepage.spec.ts" timestamp="2025-09-03T07:31:23.501Z" hostname="chromium" tests="1" failures="1" skipped="0" time="20.283" errors="0">
<testcase name="Verify Virtual Machine Template page › should be able to successfully display Template page from Catalogue dropdown  @dev @staging @preprod" classname="Catalogue\TC_001_Verify_Virtual_Machine_Templatepage.spec.ts" time="20.283">
<failure message="TC_001_Verify_Virtual_Machine_Templatepage.spec.ts:7:7 should be able to successfully display Template page from Catalogue dropdown  @dev @staging @preprod" type="FAILURE">
<![CDATA[  [chromium] › Catalogue\TC_001_Verify_Virtual_Machine_Templatepage.spec.ts:7:7 › Verify Virtual Machine Template page › should be able to successfully display Template page from Catalogue dropdown  @dev @staging @preprod 

    Error: expect(locator).toBeVisible() failed

    Locator:  getByRole('button', { name: /AutoVM-001/i }).first()
    Expected: visible
    Received: <element(s) not found>
    Timeout:  10000ms

    Call log:
      - Expect "toBeVisible" with timeout 10000ms
      - waiting for getByRole('button', { name: /AutoVM-001/i }).first()


       at ..\Import.ts:90

      88 |       vmOption = this.page.getByRole('button', { name: /^\[\d+\]/ }).first();
      89 |     }
    > 90 |     await expect(vmOption).toBeVisible({ timeout: 10000 });
         |                            ^
      91 |     await vmOption.click();
      92 |     await this.page.click('#vm-selection-submit');
      93 |   }
        at VmTemplateImportPage.chooseVmTemplate (C:\Users\marben.dimson\Desktop\Auto\HN\MP\Import.ts:90:28)
        at C:\Users\marben.dimson\Desktop\Auto\HN\MP\tests\Catalogue\TC_001_Verify_Virtual_Machine_Templatepage.spec.ts:27:32

    attachment #1: screenshot (image/png) ──────────────────────────────────────────────────────────
    ..\test-results\Catalogue-TC_001_Verify_Vi-3dcd6-ropdown-dev-staging-preprod-chromium\test-failed-1.png
    ────────────────────────────────────────────────────────────────────────────────────────────────

    attachment #2: video (video/webm) ──────────────────────────────────────────────────────────────
    ..\test-results\Catalogue-TC_001_Verify_Vi-3dcd6-ropdown-dev-staging-preprod-chromium\video.webm
    ────────────────────────────────────────────────────────────────────────────────────────────────

    Error Context: ..\test-results\Catalogue-TC_001_Verify_Vi-3dcd6-ropdown-dev-staging-preprod-chromium\error-context.md
]]>
</failure>
<system-out>
<![CDATA[
[[ATTACHMENT|..\test-results\Catalogue-TC_001_Verify_Vi-3dcd6-ropdown-dev-staging-preprod-chromium\test-failed-1.png]]

[[ATTACHMENT|..\test-results\Catalogue-TC_001_Verify_Vi-3dcd6-ropdown-dev-staging-preprod-chromium\video.webm]]

[[ATTACHMENT|..\test-results\Catalogue-TC_001_Verify_Vi-3dcd6-ropdown-dev-staging-preprod-chromium\error-context.md]]
]]>
</system-out>
</testcase>
</testsuite>
<testsuite name="Catalogue\TC_001.5Verify_delete_VMTemplate.spec.ts" timestamp="2025-09-03T07:31:23.501Z" hostname="chromium" tests="1" failures="1" skipped="0" time="8.447" errors="0">
<testcase name="Verify Virtual Machine Template page › should be able to successfully display Template page from Catalogue dropdown  @dev @staging @preprod" classname="Catalogue\TC_001.5Verify_delete_VMTemplate.spec.ts" time="8.447">
<failure message="TC_001.5Verify_delete_VMTemplate.spec.ts:7:7 should be able to successfully display Template page from Catalogue dropdown  @dev @staging @preprod" type="FAILURE">
<![CDATA[  [chromium] › Catalogue\TC_001.5Verify_delete_VMTemplate.spec.ts:7:7 › Verify Virtual Machine Template page › should be able to successfully display Template page from Catalogue dropdown  @dev @staging @preprod 

    Error: No template matching "AutoVM-001" found.

      31 | if (!templateName) {
      32 |   console.log('All templates found:', allTemplates);
    > 33 |   throw new Error('No template matching "AutoVM-001" found.');
         |         ^
      34 | }
      35 |
      36 | // Proceed with delete
        at C:\Users\marben.dimson\Desktop\Auto\HN\MP\tests\Catalogue\TC_001.5Verify_delete_VMTemplate.spec.ts:33:9

    attachment #1: screenshot (image/png) ──────────────────────────────────────────────────────────
    ..\test-results\Catalogue-TC_001.5Verify_d-2354a-ropdown-dev-staging-preprod-chromium\test-failed-1.png
    ────────────────────────────────────────────────────────────────────────────────────────────────

    attachment #2: video (video/webm) ──────────────────────────────────────────────────────────────
    ..\test-results\Catalogue-TC_001.5Verify_d-2354a-ropdown-dev-staging-preprod-chromium\video.webm
    ────────────────────────────────────────────────────────────────────────────────────────────────

    Error Context: ..\test-results\Catalogue-TC_001.5Verify_d-2354a-ropdown-dev-staging-preprod-chromium\error-context.md
]]>
</failure>
<system-out>
<![CDATA[All templates found: [ [32m'testvm-7380ad8a'[39m, [32m'Testing-8c6744c9'[39m, [32m'Testing-8c6744c9-8c6744c9'[39m ]

[[ATTACHMENT|..\test-results\Catalogue-TC_001.5Verify_d-2354a-ropdown-dev-staging-preprod-chromium\test-failed-1.png]]

[[ATTACHMENT|..\test-results\Catalogue-TC_001.5Verify_d-2354a-ropdown-dev-staging-preprod-chromium\video.webm]]

[[ATTACHMENT|..\test-results\Catalogue-TC_001.5Verify_d-2354a-ropdown-dev-staging-preprod-chromium\error-context.md]]
]]>
</system-out>
</testcase>
</testsuite>
<testsuite name="Catalogue\TC_002_Verify_Import_Virtual_Machine_public.spec.ts" timestamp="2025-09-03T07:31:23.501Z" hostname="chromium" tests="1" failures="1" skipped="0" time="19.366" errors="0">
<testcase name="Verify Virtual Machine Template page › should be able to successfully display Template page from Catalogue dropdown  @dev @staging @preprod" classname="Catalogue\TC_002_Verify_Import_Virtual_Machine_public.spec.ts" time="19.366">
<failure message="TC_002_Verify_Import_Virtual_Machine_public.spec.ts:7:7 should be able to successfully display Template page from Catalogue dropdown  @dev @staging @preprod" type="FAILURE">
<![CDATA[  [chromium] › Catalogue\TC_002_Verify_Import_Virtual_Machine_public.spec.ts:7:7 › Verify Virtual Machine Template page › should be able to successfully display Template page from Catalogue dropdown  @dev @staging @preprod 

    Error: expect(locator).toBeVisible() failed

    Locator:  getByRole('button', { name: /AutoVM-001/i }).first()
    Expected: visible
    Received: <element(s) not found>
    Timeout:  10000ms

    Call log:
      - Expect "toBeVisible" with timeout 10000ms
      - waiting for getByRole('button', { name: /AutoVM-001/i }).first()


       at ..\Import.ts:90

      88 |       vmOption = this.page.getByRole('button', { name: /^\[\d+\]/ }).first();
      89 |     }
    > 90 |     await expect(vmOption).toBeVisible({ timeout: 10000 });
         |                            ^
      91 |     await vmOption.click();
      92 |     await this.page.click('#vm-selection-submit');
      93 |   }
        at VmTemplateImportPage.chooseVmTemplate (C:\Users\marben.dimson\Desktop\Auto\HN\MP\Import.ts:90:28)
        at C:\Users\marben.dimson\Desktop\Auto\HN\MP\tests\Catalogue\TC_002_Verify_Import_Virtual_Machine_public.spec.ts:26:32

    attachment #1: screenshot (image/png) ──────────────────────────────────────────────────────────
    ..\test-results\Catalogue-TC_002_Verify_Im-ffaa3-ropdown-dev-staging-preprod-chromium\test-failed-1.png
    ────────────────────────────────────────────────────────────────────────────────────────────────

    attachment #2: video (video/webm) ──────────────────────────────────────────────────────────────
    ..\test-results\Catalogue-TC_002_Verify_Im-ffaa3-ropdown-dev-staging-preprod-chromium\video.webm
    ────────────────────────────────────────────────────────────────────────────────────────────────

    Error Context: ..\test-results\Catalogue-TC_002_Verify_Im-ffaa3-ropdown-dev-staging-preprod-chromium\error-context.md
]]>
</failure>
<system-out>
<![CDATA[
[[ATTACHMENT|..\test-results\Catalogue-TC_002_Verify_Im-ffaa3-ropdown-dev-staging-preprod-chromium\test-failed-1.png]]

[[ATTACHMENT|..\test-results\Catalogue-TC_002_Verify_Im-ffaa3-ropdown-dev-staging-preprod-chromium\video.webm]]

[[ATTACHMENT|..\test-results\Catalogue-TC_002_Verify_Im-ffaa3-ropdown-dev-staging-preprod-chromium\error-context.md]]
]]>
</system-out>
</testcase>
</testsuite>
<testsuite name="Catalogue\TC_003_Verify_view_virtualMachine_Template.spec.ts" timestamp="2025-09-03T07:31:23.501Z" hostname="chromium" tests="1" failures="0" skipped="0" time="9.442" errors="0">
<testcase name="Verify view virtual machine template page › Should successfully display virtual machine Template page without any UI and Typo issues  @dev @staging @preprod" classname="Catalogue\TC_003_Verify_view_virtualMachine_Template.spec.ts" time="9.442">
<system-err>
<![CDATA[No VM Template card found. Skipping validation.
]]>
</system-err>
</testcase>
</testsuite>
<testsuite name="Catalogue\TC_004_Verify_ISOpage.spec.ts" timestamp="2025-09-03T07:31:23.501Z" hostname="chromium" tests="1" failures="0" skipped="0" time="8.587" errors="0">
<testcase name="Verify view virtual machine template page › Should successfully display virtual machine Template page without any UI and Typo issues  @dev @staging @preprod" classname="Catalogue\TC_004_Verify_ISOpage.spec.ts" time="8.587">
</testcase>
</testsuite>
<testsuite name="Catalogue\TC_005_Verify_upload_ISO_storage_as_public.spec.ts" timestamp="2025-09-03T07:31:23.501Z" hostname="chromium" tests="1" failures="0" skipped="0" time="11.461" errors="0">
<testcase name="Virtual Machine Template Page — ISO Upload Flow › Should display the ISO Upload form and allow uploading via URL @dev @staging @preprod" classname="Catalogue\TC_005_Verify_upload_ISO_storage_as_public.spec.ts" time="11.461">
</testcase>
</testsuite>
<testsuite name="Catalogue\TC_006_Verify_uploading_of_ISO_storage_from_specificVirtualDataCenter.spec.ts" timestamp="2025-09-03T07:31:23.501Z" hostname="chromium" tests="1" failures="0" skipped="0" time="12.529" errors="0">
<testcase name="Virtual Machine Template Page — ISO Upload Flow › Should display the ISO Upload form and allow uploading via URL @dev @staging @preprod" classname="Catalogue\TC_006_Verify_uploading_of_ISO_storage_from_specificVirtualDataCenter.spec.ts" time="12.529">
</testcase>
</testsuite>
<testsuite name="Catalogue\TC_007_Verify_download_ISO_storage_from_URL.spec.ts" timestamp="2025-09-03T07:31:23.501Z" hostname="chromium" tests="1" failures="0" skipped="0" time="14.283" errors="0">
<testcase name="Virtual Machine Template Page — ISO Upload Flow › Should display the ISO Upload form and allow uploading via Public URL @dev @staging @preprod" classname="Catalogue\TC_007_Verify_download_ISO_storage_from_URL.spec.ts" time="14.283">
</testcase>
</testsuite>
<testsuite name="Catalogue\TC_008_Verify_download_ISO_storage_for_specific_virtualdatacenter.spec.ts" timestamp="2025-09-03T07:31:23.501Z" hostname="chromium" tests="1" failures="0" skipped="0" time="14.526" errors="0">
<testcase name="Virtual Machine Template Page — ISO Upload Flow › Should display the ISO Upload form and allow uploading via URL @dev @staging @preprod" classname="Catalogue\TC_008_Verify_download_ISO_storage_for_specific_virtualdatacenter.spec.ts" time="14.526">
</testcase>
</testsuite>
<testsuite name="Catalogue\Verify_delete_ISO_from_Proxmox.spec.ts" timestamp="2025-09-03T07:31:23.501Z" hostname="chromium" tests="1" failures="0" skipped="1" time="0" errors="0">
<testcase name="Virtual Machine Template Page — ISO Upload Flow › Should display the ISO Upload form and allow uploading via URL @dev @staging @preprod" classname="Catalogue\Verify_delete_ISO_from_Proxmox.spec.ts" time="0">
<properties>
<property name="skip" value="">
</property>
</properties>
<skipped>
</skipped>
</testcase>
</testsuite>
<testsuite name="Catalogue\Verify_deleteISO_without_deleting_proxmoxData.spec.ts" timestamp="2025-09-03T07:31:23.501Z" hostname="chromium" tests="1" failures="0" skipped="1" time="0" errors="0">
<testcase name="Virtual Machine Template Page — ISO Upload Flow › Should display the ISO Upload form and allow uploading via URL @dev @staging @preprod" classname="Catalogue\Verify_deleteISO_without_deleting_proxmoxData.spec.ts" time="0">
<properties>
<property name="skip" value="">
</property>
</properties>
<skipped>
</skipped>
</testcase>
</testsuite>
</testsuites>